<!DOCTYPE html PUBLIC "-//W3C//DTD XHTML 1.1//EN" "https://www.w3.org/TR/xhtml11/DTD/xhtml11.dtd">
<html xmlns="https://www.w3.org/1999/xhtml">
<head>
<meta http-equiv="content-type" content="text/html; charset=UTF-8"/>
<title>TestNG Report</title>
<style type="text/css">table {margin-bottom:10px;border-collapse:collapse;empty-cells:show}th,td {border:1px solid #009;padding:.25em .5em}th {vertical-align:bottom}td {vertical-align:top}table a {font-weight:bold}.stripe td {background-color: #E6EBF9}.num {text-align:right}.passedodd td {background-color: #3F3}.passedeven td {background-color: #0A0}.skippedodd td {background-color: #DDD}.skippedeven td {background-color: #CCC}.failedodd td,.attn {background-color: #F33}.failedeven td,.stripe .attn {background-color: #D00}.stacktrace {white-space:pre;font-family:monospace}.totop {font-size:85%;text-align:center;border-bottom:2px solid #000}.invisible {display:none}</style>
</head>
<body>
<table>
<tr><th>Test</th><th># Passed</th><th># Skipped</th><th># Retried</th><th># Failed</th><th>Time (ms)</th><th>Included Groups</th><th>Excluded Groups</th></tr>
<tr><th colspan="8">Surefire suite</th></tr>
<tr><td><a href="#t0">Surefire test</a></td><td class="num">0</td><td class="num">0</td><td class="num">0</td><td class="num attn">3</td><td class="num">61.106</td><td></td><td></td></tr>
</table>
<table id='summary'><thead><tr><th>Class</th><th>Method</th><th>Start</th><th>Time (ms)</th></tr></thead><tbody><tr><th colspan="4">Surefire suite</th></tr></tbody><tbody id="t0"><tr><th colspan="4">Surefire test &#8212; failed (configuration methods)</th></tr><tr class="failedeven"><td rowspan="1">org.example.SearchTest</td><td><a href="#m0">tearDown</a></td><td rowspan="1">1616937271370</td><td rowspan="1">275</td></tr><tr><th colspan="4">Surefire test &#8212; failed</th></tr><tr class="failedeven"><td rowspan="3">org.example.SearchTest</td><td><a href="#m1">shouldDisplayRecommendationBoxOnSearch</a></td><td rowspan="1">1616937226988</td><td rowspan="1">2158</td></tr><tr class="failedeven"><td><a href="#m2">shouldLogin</a></td><td rowspan="1">1616937229197</td><td rowspan="1">30015</td></tr><tr class="failedeven"><td><a href="#m3">shouldSearchKeyword</a></td><td rowspan="1">1616937259214</td><td rowspan="1">12144</td></tr></tbody>
</table>
<h2>Surefire test</h2><h3 id="m0">org.example.SearchTest#tearDown</h3><table class="result"><tr><th>Exception</th></tr><tr><td><div class="stacktrace">org.openqa.selenium.WebDriverException: chrome not reachable
  (Session info: chrome=89.0.4389.90)
Build info: version: &apos;4.0.0-beta-2&apos;, revision: &apos;4ec0cfc112&apos;
System info: host: &apos;DESKTOP-F6O9FF0&apos;, ip: &apos;192.168.0.22&apos;, os.name: &apos;Windows 10&apos;, os.arch: &apos;amd64&apos;, os.version: &apos;10.0&apos;, java.version: &apos;14&apos;
Driver info: org.openqa.selenium.chrome.ChromeDriver
Command: [9a6966669ce049672c060280dfd9390a, close {}]
Capabilities {acceptInsecureCerts: false, browserName: chrome, browserVersion: 89.0.4389.90, chrome: {chromedriverVersion: 89.0.4389.23 (61b08ee2c5002..., userDataDir: C:\Users\Recep\AppData\Loca...}, goog:chromeOptions: {debuggerAddress: localhost:55812}, javascriptEnabled: true, networkConnectionEnabled: false, pageLoadStrategy: normal, platform: WINDOWS, platformName: WINDOWS, proxy: Proxy(), setWindowRect: true, strictFileInteractability: false, timeouts: {implicit: 0, pageLoad: 300000, script: 30000}, unhandledPromptBehavior: dismiss and notify, webauthn:extension:largeBlob: true, webauthn:virtualAuthenticators: true}
Session ID: 9a6966669ce049672c060280dfd9390a
	at org.openqa.selenium.remote.codec.w3c.W3CHttpResponseCodec.createException(W3CHttpResponseCodec.java:195)
	at org.openqa.selenium.remote.codec.w3c.W3CHttpResponseCodec.decode(W3CHttpResponseCodec.java:128)
	at org.openqa.selenium.remote.codec.w3c.W3CHttpResponseCodec.decode(W3CHttpResponseCodec.java:52)
	at org.openqa.selenium.remote.HttpCommandExecutor.execute(HttpCommandExecutor.java:187)
	at org.openqa.selenium.remote.service.DriverCommandExecutor.invokeExecute(DriverCommandExecutor.java:153)
	at org.openqa.selenium.remote.service.DriverCommandExecutor.execute(DriverCommandExecutor.java:128)
	at org.openqa.selenium.remote.RemoteWebDriver.execute(RemoteWebDriver.java:620)
	at org.openqa.selenium.remote.RemoteWebDriver.execute(RemoteWebDriver.java:675)
	at org.openqa.selenium.remote.RemoteWebDriver.execute(RemoteWebDriver.java:679)
	at org.openqa.selenium.remote.RemoteWebDriver.close(RemoteWebDriver.java:506)
	at org.example.BaseTest.tearDown(BaseTest.java:20)
	at java.base/java.util.ArrayList.forEach(ArrayList.java:1510)
... Removed 35 stack frames</div></td></tr></table><p class="totop"><a href="#summary">back to summary</a></p>
<h3 id="m1">org.example.SearchTest#shouldDisplayRecommendationBoxOnSearch</h3><table class="result"><tr><th>Exception</th></tr><tr><td><div class="stacktrace">org.openqa.selenium.NoSuchElementException: no such element: Unable to locate element: {&quot;method&quot;:&quot;css selector&quot;,&quot;selector&quot;:&quot;.suggestion\-result&quot;}
  (Session info: chrome=89.0.4389.90)
For documentation on this error, please visit: https://selenium.dev/exceptions/#no_such_element
Build info: version: &apos;4.0.0-beta-2&apos;, revision: &apos;4ec0cfc112&apos;
System info: host: &apos;DESKTOP-F6O9FF0&apos;, ip: &apos;192.168.0.22&apos;, os.name: &apos;Windows 10&apos;, os.arch: &apos;amd64&apos;, os.version: &apos;10.0&apos;, java.version: &apos;14&apos;
Driver info: org.openqa.selenium.chrome.ChromeDriver
Command: [9a6966669ce049672c060280dfd9390a, findElement {using=css selector, value=.suggestion\-result}]
Capabilities {acceptInsecureCerts: false, browserName: chrome, browserVersion: 89.0.4389.90, chrome: {chromedriverVersion: 89.0.4389.23 (61b08ee2c5002..., userDataDir: C:\Users\Recep\AppData\Loca...}, goog:chromeOptions: {debuggerAddress: localhost:55812}, javascriptEnabled: true, networkConnectionEnabled: false, pageLoadStrategy: normal, platform: WINDOWS, platformName: WINDOWS, proxy: Proxy(), setWindowRect: true, strictFileInteractability: false, timeouts: {implicit: 0, pageLoad: 300000, script: 30000}, unhandledPromptBehavior: dismiss and notify, webauthn:extension:largeBlob: true, webauthn:virtualAuthenticators: true}
Session ID: 9a6966669ce049672c060280dfd9390a
	at org.openqa.selenium.remote.codec.w3c.W3CHttpResponseCodec.createException(W3CHttpResponseCodec.java:195)
	at org.openqa.selenium.remote.codec.w3c.W3CHttpResponseCodec.decode(W3CHttpResponseCodec.java:128)
	at org.openqa.selenium.remote.codec.w3c.W3CHttpResponseCodec.decode(W3CHttpResponseCodec.java:52)
	at org.openqa.selenium.remote.HttpCommandExecutor.execute(HttpCommandExecutor.java:187)
	at org.openqa.selenium.remote.service.DriverCommandExecutor.invokeExecute(DriverCommandExecutor.java:153)
	at org.openqa.selenium.remote.service.DriverCommandExecutor.execute(DriverCommandExecutor.java:128)
	at org.openqa.selenium.remote.RemoteWebDriver.execute(RemoteWebDriver.java:620)
	at org.openqa.selenium.remote.RemoteWebDriver$Mechanism$2.findElement(RemoteWebDriver.java:1259)
	at org.openqa.selenium.remote.RemoteWebDriver.findElement(RemoteWebDriver.java:388)
	at org.openqa.selenium.remote.RemoteWebDriver.findElement(RemoteWebDriver.java:382)
	at org.openqa.selenium.By$PreW3CLocator.findElement(By.java:429)
	at org.openqa.selenium.By$ByClassName.findElement(By.java:298)
	at org.openqa.selenium.remote.RemoteWebDriver$Mechanism$1.findElement(RemoteWebDriver.java:1234)
	at org.openqa.selenium.remote.RemoteWebDriver.findElement(RemoteWebDriver.java:388)
	at org.openqa.selenium.remote.RemoteWebDriver.findElement(RemoteWebDriver.java:382)
	at org.trendyol.HomePage.isRecommendationBoxdsiplayed(HomePage.java:53)
	at org.example.SearchTest.shouldDisplayRecommendationBoxOnSearch(SearchTest.java:32)
	at java.base/java.util.ArrayList.forEach(ArrayList.java:1510)
... Removed 37 stack frames</div></td></tr></table><p class="totop"><a href="#summary">back to summary</a></p>
<h3 id="m2">org.example.SearchTest#shouldLogin</h3><table class="result"><tr><th>Exception</th></tr><tr><td><div class="stacktrace">org.openqa.selenium.WebDriverException: chrome not reachable
  (Session info: chrome=89.0.4389.90)
Build info: version: &apos;4.0.0-beta-2&apos;, revision: &apos;4ec0cfc112&apos;
System info: host: &apos;DESKTOP-F6O9FF0&apos;, ip: &apos;192.168.0.22&apos;, os.name: &apos;Windows 10&apos;, os.arch: &apos;amd64&apos;, os.version: &apos;10.0&apos;, java.version: &apos;14&apos;
Driver info: org.openqa.selenium.chrome.ChromeDriver
Command: [9a6966669ce049672c060280dfd9390a, findElement {using=id, value=Combined-Shape}]
Capabilities {acceptInsecureCerts: false, browserName: chrome, browserVersion: 89.0.4389.90, chrome: {chromedriverVersion: 89.0.4389.23 (61b08ee2c5002..., userDataDir: C:\Users\Recep\AppData\Loca...}, goog:chromeOptions: {debuggerAddress: localhost:55812}, javascriptEnabled: true, networkConnectionEnabled: false, pageLoadStrategy: normal, platform: WINDOWS, platformName: WINDOWS, proxy: Proxy(), setWindowRect: true, strictFileInteractability: false, timeouts: {implicit: 0, pageLoad: 300000, script: 30000}, unhandledPromptBehavior: dismiss and notify, webauthn:extension:largeBlob: true, webauthn:virtualAuthenticators: true}
Session ID: 9a6966669ce049672c060280dfd9390a
	at org.openqa.selenium.remote.codec.w3c.W3CHttpResponseCodec.createException(W3CHttpResponseCodec.java:195)
	at org.openqa.selenium.remote.codec.w3c.W3CHttpResponseCodec.decode(W3CHttpResponseCodec.java:128)
	at org.openqa.selenium.remote.codec.w3c.W3CHttpResponseCodec.decode(W3CHttpResponseCodec.java:52)
	at org.openqa.selenium.remote.HttpCommandExecutor.execute(HttpCommandExecutor.java:187)
	at org.openqa.selenium.remote.service.DriverCommandExecutor.invokeExecute(DriverCommandExecutor.java:153)
	at org.openqa.selenium.remote.service.DriverCommandExecutor.execute(DriverCommandExecutor.java:128)
	at org.openqa.selenium.remote.RemoteWebDriver.execute(RemoteWebDriver.java:620)
	at org.openqa.selenium.remote.RemoteWebDriver$Mechanism$2.findElement(RemoteWebDriver.java:1259)
	at org.openqa.selenium.remote.RemoteWebDriver.findElement(RemoteWebDriver.java:388)
	at org.openqa.selenium.remote.RemoteWebDriver.findElement(RemoteWebDriver.java:382)
	at org.openqa.selenium.support.ui.ExpectedConditions$7.apply(ExpectedConditions.java:197)
	at org.openqa.selenium.support.ui.ExpectedConditions$7.apply(ExpectedConditions.java:193)
	at org.openqa.selenium.support.ui.ExpectedConditions$22.apply(ExpectedConditions.java:631)
	at org.openqa.selenium.support.ui.ExpectedConditions$22.apply(ExpectedConditions.java:628)
	at org.openqa.selenium.support.ui.FluentWait.until(FluentWait.java:208)
	at org.trendyol.HomePage.closeLoginPopup(HomePage.java:66)
	at org.example.SearchTest.shouldLogin(SearchTest.java:44)
	at java.base/java.util.ArrayList.forEach(ArrayList.java:1510)
... Removed 37 stack frames</div></td></tr></table><p class="totop"><a href="#summary">back to summary</a></p>
<h3 id="m3">org.example.SearchTest#shouldSearchKeyword</h3><table class="result"><tr><th>Exception</th></tr><tr><td><div class="stacktrace">org.openqa.selenium.WebDriverException: chrome not reachable
  (Session info: chrome=89.0.4389.90)
Build info: version: &apos;4.0.0-beta-2&apos;, revision: &apos;4ec0cfc112&apos;
System info: host: &apos;DESKTOP-F6O9FF0&apos;, ip: &apos;192.168.0.22&apos;, os.name: &apos;Windows 10&apos;, os.arch: &apos;amd64&apos;, os.version: &apos;10.0&apos;, java.version: &apos;14&apos;
Driver info: org.openqa.selenium.chrome.ChromeDriver
Command: [9a6966669ce049672c060280dfd9390a, findElement {using=css selector, value=.search\-box}]
Capabilities {acceptInsecureCerts: false, browserName: chrome, browserVersion: 89.0.4389.90, chrome: {chromedriverVersion: 89.0.4389.23 (61b08ee2c5002..., userDataDir: C:\Users\Recep\AppData\Loca...}, goog:chromeOptions: {debuggerAddress: localhost:55812}, javascriptEnabled: true, networkConnectionEnabled: false, pageLoadStrategy: normal, platform: WINDOWS, platformName: WINDOWS, proxy: Proxy(), setWindowRect: true, strictFileInteractability: false, timeouts: {implicit: 0, pageLoad: 300000, script: 30000}, unhandledPromptBehavior: dismiss and notify, webauthn:extension:largeBlob: true, webauthn:virtualAuthenticators: true}
Session ID: 9a6966669ce049672c060280dfd9390a
	at org.openqa.selenium.remote.codec.w3c.W3CHttpResponseCodec.createException(W3CHttpResponseCodec.java:195)
	at org.openqa.selenium.remote.codec.w3c.W3CHttpResponseCodec.decode(W3CHttpResponseCodec.java:128)
	at org.openqa.selenium.remote.codec.w3c.W3CHttpResponseCodec.decode(W3CHttpResponseCodec.java:52)
	at org.openqa.selenium.remote.HttpCommandExecutor.execute(HttpCommandExecutor.java:187)
	at org.openqa.selenium.remote.service.DriverCommandExecutor.invokeExecute(DriverCommandExecutor.java:153)
	at org.openqa.selenium.remote.service.DriverCommandExecutor.execute(DriverCommandExecutor.java:128)
	at org.openqa.selenium.remote.RemoteWebDriver.execute(RemoteWebDriver.java:620)
	at org.openqa.selenium.remote.RemoteWebDriver$Mechanism$2.findElement(RemoteWebDriver.java:1259)
	at org.openqa.selenium.remote.RemoteWebDriver.findElement(RemoteWebDriver.java:388)
	at org.openqa.selenium.remote.RemoteWebDriver.findElement(RemoteWebDriver.java:382)
	at org.openqa.selenium.By$PreW3CLocator.findElement(By.java:429)
	at org.openqa.selenium.By$ByClassName.findElement(By.java:298)
	at org.openqa.selenium.remote.RemoteWebDriver$Mechanism$1.findElement(RemoteWebDriver.java:1234)
	at org.openqa.selenium.remote.RemoteWebDriver.findElement(RemoteWebDriver.java:388)
	at org.openqa.selenium.remote.RemoteWebDriver.findElement(RemoteWebDriver.java:382)
	at org.trendyol.HomePage.setSearchboxBy(HomePage.java:40)
	at org.example.SearchTest.shouldSearchKeyword(SearchTest.java:18)
	at java.base/java.util.ArrayList.forEach(ArrayList.java:1510)
... Removed 37 stack frames</div></td></tr></table><p class="totop"><a href="#summary">back to summary</a></p>
</body>
</html>
